<?xml version="1.0" encoding="UTF-8"?>
<!-- Generated by org.testng.reporters.JUnitReportReporter -->
<testsuite hostname="DESKTOP-PP9JQ79" failures="0" tests="1" name="jenkinssample1.demo2" time="2.272" errors="0" timestamp="2022-08-30T23:35:01 IST" skipped="0">
  <testcase classname="jenkinssample1.demo2" name="demo2test" time="2.272"/>
  <system-out/>
</testsuite> <!-- jenkinssample1.demo2 -->
