<?xml version="1.0" encoding="UTF-8"?>
<!-- Generated by org.testng.reporters.JUnitReportReporter -->
<testsuite hostname="DESKTOP-PP9JQ79" failures="0" tests="1" name="jenkinssample1.demo2" time="6.185" errors="0" timestamp="2022-09-01T13:34:37 IST" skipped="0">
  <testcase classname="jenkinssample1.demo2" name="demo2test" time="6.185"/>
  <system-out/>
</testsuite> <!-- jenkinssample1.demo2 -->
